<?xml version="1.0" encoding="UTF-8"?>
<testsuite xmlns:xsi="http://www.w3.org/2001/XMLSchema-instance" xsi:noNamespaceSchemaLocation="https://maven.apache.org/surefire/maven-surefire-plugin/xsd/surefire-test-report.xsd" name="graphics.scenery.tests.unit.NodeTests" time="1.568" tests="12" errors="0" skipped="0" failures="0">
  <properties>
[...]
</properties>
  <testcase name="testNodeRecursionJavaConsumer" classname="graphics.scenery.tests.unit.NodeTests" time="0.316"/>
  <testcase name="testNodeRecursion" classname="graphics.scenery.tests.unit.NodeTests" time="0"/>
  <testcase name="testRotationChangeTriggersUpdate" classname="graphics.scenery.tests.unit.NodeTests" time="0.037"/>
  <testcase name="testGetScene" classname="graphics.scenery.tests.unit.NodeTests" time="0"/>
  <testcase name="testFitting" classname="graphics.scenery.tests.unit.NodeTests" time="0.078"/>
  <testcase name="testScaleChangeTriggersUpdate" classname="graphics.scenery.tests.unit.NodeTests" time="0.007"/>
  <testcase name="testPositionChangeTriggersUpdate" classname="graphics.scenery.tests.unit.NodeTests" time="0"/>
  <testcase name="testCentering" classname="graphics.scenery.tests.unit.NodeTests" time="0"/>
  <testcase name="testTransformationPropagation" classname="graphics.scenery.tests.unit.NodeTests" time="0.642"/>
  <testcase name="testBoundingBoxGeneration" classname="graphics.scenery.tests.unit.NodeTests" time="0"/>
  <testcase name="testLargeScenegraph" classname="graphics.scenery.tests.unit.NodeTests" time="0.316"/>
  <testcase name="testLargeScenegraphDiscovery" classname="graphics.scenery.tests.unit.NodeTests" time="0.04"/>
</testsuite>