<?xml version="1.0" encoding="UTF-8"?>
<testsuite xmlns:xsi="http://www.w3.org/2001/XMLSchema-instance"
           xsi:noNamespaceSchemaLocation="https://maven.apache.org/surefire/maven-surefire-plugin/xsd/surefire-test-report.xsd"
           name="graphics.scenery.tests.unit.UBOTests" time="0.015" tests="3" errors="0" skipped="0" failures="0">
    <properties>
[...]
</properties>
    <testcase name="testHashedSerialisation" classname="graphics.scenery.tests.unit.UBOTests" time="0.015"/>
    <testcase name="testOutOfOrderSerialisation" classname="graphics.scenery.tests.unit.UBOTests" time="0"/>
    <testcase name="testInOrderSerialisation" classname="graphics.scenery.tests.unit.UBOTests" time="0"/>
</testsuite>
